
> @acme/nextjs@ typecheck C:\antigravity\gasera\apps\nextjs
> tsc --noEmit

src/app/dashboard/customers/[id]/edit/page.tsx(160,7): error TS2345: Argument of type '{ customerType: "residential" | "corporate" | "government"; businessName: string; tradeName: string; taxId: string; email: string; phone: string; alternatePhone: string; notes: string; status: string; id: string; }' is not assignable to parameter of type 'void'.
src/app/dashboard/customers/page.tsx(67,9): error TS2345: Argument of type '{ id: string; }' is not assignable to parameter of type 'void'.
src/app/dashboard/dispatch/page.tsx(115,26): error TS2339: Property 'mutate' does not exist on type 'UseMutateFunction<{ success: boolean; }, TRPCClientErrorLike<{ input: { orderId: string; newStatus: "delivered" | "pending" | "cancelled" | "assigned" | "in_progress" | "failed"; notes?: string | undefined; }; output: { ...; }; transformer: true; errorShape: { ...; }; featureFlags: { ...; }; }>, { ...; }, undefined>'.
src/app/dashboard/faqs/[id]/page.tsx(47,16): error TS2322: Type '{ isActive: boolean; isFeatured: boolean; id: string; tenantId: string; categoryId: string; question: string; answer: string; keywords: string | null; views: number; createdAt: Date; updatedAt: Date; }' is not assignable to type '{ categoryId: string; isFeatured: boolean; question: string; answer: string; keywords?: string | undefined; } & { id: string; }'.
  Type '{ isActive: boolean; isFeatured: boolean; id: string; tenantId: string; categoryId: string; question: string; answer: string; keywords: string | null; views: number; createdAt: Date; updatedAt: Date; }' is not assignable to type '{ categoryId: string; isFeatured: boolean; question: string; answer: string; keywords?: string | undefined; }'.
    Types of property 'keywords' are incompatible.
      Type 'string | null' is not assignable to type 'string | undefined'.
        Type 'null' is not assignable to type 'string | undefined'.
src/app/dashboard/faqs/_components/faq-form.tsx(57,5): error TS2322: Type 'Resolver<{ categoryId: string; question: string; answer: string; isFeatured?: boolean | undefined; keywords?: string | undefined; }, any, { categoryId: string; isFeatured: boolean; question: string; answer: string; keywords?: string | undefined; }>' is not assignable to type 'Resolver<{ categoryId: string; isFeatured: boolean; question: string; answer: string; keywords?: string | undefined; }, any, { categoryId: string; isFeatured: boolean; question: string; answer: string; keywords?: string | undefined; }>'.
  Types of parameters 'options' and 'options' are incompatible.
    Type 'ResolverOptions<{ categoryId: string; isFeatured: boolean; question: string; answer: string; keywords?: string | undefined; }>' is not assignable to type 'ResolverOptions<{ categoryId: string; question: string; answer: string; isFeatured?: boolean | undefined; keywords?: string | undefined; }>'.
      Type 'boolean | undefined' is not assignable to type 'boolean'.
        Type 'undefined' is not assignable to type 'boolean'.
src/app/dashboard/faqs/_components/faq-form.tsx(137,41): error TS2345: Argument of type '(data: FaqFormValues) => void' is not assignable to parameter of type 'SubmitHandler<TFieldValues>'.
  Types of parameters 'data' and 'data' are incompatible.
    Type 'TFieldValues' is not assignable to type '{ categoryId: string; isFeatured: boolean; question: string; answer: string; keywords?: string | undefined; }'.
      Type 'FieldValues' is missing the following properties from type '{ categoryId: string; isFeatured: boolean; question: string; answer: string; keywords?: string | undefined; }': categoryId, isFeatured, question, answer
src/app/dashboard/faqs/_components/faq-form.tsx(148,15): error TS2322: Type 'Control<{ categoryId: string; isFeatured: boolean; question: string; answer: string; keywords?: string | undefined; }, any, TFieldValues>' is not assignable to type 'Control<{ categoryId: string; isFeatured: boolean; question: string; answer: string; keywords?: string | undefined; }, any, { categoryId: string; isFeatured: boolean; question: string; answer: string; keywords?: string | undefined; }>'.
  The types of '_options.resolver' are incompatible between these types.
    Type 'Resolver<{ categoryId: string; isFeatured: boolean; question: string; answer: string; keywords?: string | undefined; }, any, TFieldValues> | undefined' is not assignable to type 'Resolver<{ categoryId: string; isFeatured: boolean; question: string; answer: string; keywords?: string | undefined; }, any, { categoryId: string; isFeatured: boolean; question: string; answer: string; keywords?: string | undefined; }> | undefined'.
      Type 'Resolver<{ categoryId: string; isFeatured: boolean; question: string; answer: string; keywords?: string | undefined; }, any, TFieldValues>' is not assignable to type 'Resolver<{ categoryId: string; isFeatured: boolean; question: string; answer: string; keywords?: string | undefined; }, any, { categoryId: string; isFeatured: boolean; question: string; answer: string; keywords?: string | undefined; }>'.
        Type 'ResolverResult<{ categoryId: string; isFeatured: boolean; question: string; answer: string; keywords?: string | undefined; }, TFieldValues> | Promise<ResolverResult<{ ...; }, TFieldValues>>' is not assignable to type 'ResolverResult<{ categoryId: string; isFeatured: boolean; question: string; answer: string; keywords?: string | undefined; }, { categoryId: string; isFeatured: boolean; question: string; answer: string; keywords?: string | undefined; }> | Promise<...>'.
          Type 'ResolverSuccess<TFieldValues>' is not assignable to type 'ResolverResult<{ categoryId: string; isFeatured: boolean; question: string; answer: string; keywords?: string | undefined; }, { categoryId: string; isFeatured: boolean; question: string; answer: string; keywords?: string | undefined; }> | Promise<...>'.
            Type 'ResolverSuccess<TFieldValues>' is not assignable to type 'ResolverSuccess<{ categoryId: string; isFeatured: boolean; question: string; answer: string; keywords?: string | undefined; }>'.
              Type 'TFieldValues' is not assignable to type '{ categoryId: string; isFeatured: boolean; question: string; answer: string; keywords?: string | undefined; }'.
                Type 'FieldValues' is missing the following properties from type '{ categoryId: string; isFeatured: boolean; question: string; answer: string; keywords?: string | undefined; }': categoryId, isFeatured, question, answer
src/app/dashboard/faqs/_components/faq-form.tsx(186,15): error TS2322: Type 'Control<{ categoryId: string; isFeatured: boolean; question: string; answer: string; keywords?: string | undefined; }, any, TFieldValues>' is not assignable to type 'Control<{ categoryId: string; isFeatured: boolean; question: string; answer: string; keywords?: string | undefined; }, any, { categoryId: string; isFeatured: boolean; question: string; answer: string; keywords?: string | undefined; }>'.
  The types of '_options.resolver' are incompatible between these types.
    Type 'Resolver<{ categoryId: string; isFeatured: boolean; question: string; answer: string; keywords?: string | undefined; }, any, TFieldValues> | undefined' is not assignable to type 'Resolver<{ categoryId: string; isFeatured: boolean; question: string; answer: string; keywords?: string | undefined; }, any, { categoryId: string; isFeatured: boolean; question: string; answer: string; keywords?: string | undefined; }> | undefined'.
      Type 'Resolver<{ categoryId: string; isFeatured: boolean; question: string; answer: string; keywords?: string | undefined; }, any, TFieldValues>' is not assignable to type 'Resolver<{ categoryId: string; isFeatured: boolean; question: string; answer: string; keywords?: string | undefined; }, any, { categoryId: string; isFeatured: boolean; question: string; answer: string; keywords?: string | undefined; }>'.
        Type 'ResolverResult<{ categoryId: string; isFeatured: boolean; question: string; answer: string; keywords?: string | undefined; }, TFieldValues> | Promise<ResolverResult<{ ...; }, TFieldValues>>' is not assignable to type 'ResolverResult<{ categoryId: string; isFeatured: boolean; question: string; answer: string; keywords?: string | undefined; }, { categoryId: string; isFeatured: boolean; question: string; answer: string; keywords?: string | undefined; }> | Promise<...>'.
          Type 'ResolverSuccess<TFieldValues>' is not assignable to type 'ResolverResult<{ categoryId: string; isFeatured: boolean; question: string; answer: string; keywords?: string | undefined; }, { categoryId: string; isFeatured: boolean; question: string; answer: string; keywords?: string | undefined; }> | Promise<...>'.
            Type 'ResolverSuccess<TFieldValues>' is not assignable to type 'ResolverSuccess<{ categoryId: string; isFeatured: boolean; question: string; answer: string; keywords?: string | undefined; }>'.
              Type 'TFieldValues' is not assignable to type '{ categoryId: string; isFeatured: boolean; question: string; answer: string; keywords?: string | undefined; }'.
                Type 'FieldValues' is missing the following properties from type '{ categoryId: string; isFeatured: boolean; question: string; answer: string; keywords?: string | undefined; }': categoryId, isFeatured, question, answer
src/app/dashboard/faqs/_components/faq-form.tsx(203,15): error TS2322: Type 'Control<{ categoryId: string; isFeatured: boolean; question: string; answer: string; keywords?: string | undefined; }, any, TFieldValues>' is not assignable to type 'Control<{ categoryId: string; isFeatured: boolean; question: string; answer: string; keywords?: string | undefined; }, any, { categoryId: string; isFeatured: boolean; question: string; answer: string; keywords?: string | undefined; }>'.
  The types of '_options.resolver' are incompatible between these types.
    Type 'Resolver<{ categoryId: string; isFeatured: boolean; question: string; answer: string; keywords?: string | undefined; }, any, TFieldValues> | undefined' is not assignable to type 'Resolver<{ categoryId: string; isFeatured: boolean; question: string; answer: string; keywords?: string | undefined; }, any, { categoryId: string; isFeatured: boolean; question: string; answer: string; keywords?: string | undefined; }> | undefined'.
      Type 'Resolver<{ categoryId: string; isFeatured: boolean; question: string; answer: string; keywords?: string | undefined; }, any, TFieldValues>' is not assignable to type 'Resolver<{ categoryId: string; isFeatured: boolean; question: string; answer: string; keywords?: string | undefined; }, any, { categoryId: string; isFeatured: boolean; question: string; answer: string; keywords?: string | undefined; }>'.
        Type 'ResolverResult<{ categoryId: string; isFeatured: boolean; question: string; answer: string; keywords?: string | undefined; }, TFieldValues> | Promise<ResolverResult<{ ...; }, TFieldValues>>' is not assignable to type 'ResolverResult<{ categoryId: string; isFeatured: boolean; question: string; answer: string; keywords?: string | undefined; }, { categoryId: string; isFeatured: boolean; question: string; answer: string; keywords?: string | undefined; }> | Promise<...>'.
          Type 'ResolverSuccess<TFieldValues>' is not assignable to type 'ResolverResult<{ categoryId: string; isFeatured: boolean; question: string; answer: string; keywords?: string | undefined; }, { categoryId: string; isFeatured: boolean; question: string; answer: string; keywords?: string | undefined; }> | Promise<...>'.
            Type 'ResolverSuccess<TFieldValues>' is not assignable to type 'ResolverSuccess<{ categoryId: string; isFeatured: boolean; question: string; answer: string; keywords?: string | undefined; }>'.
              Type 'TFieldValues' is not assignable to type '{ categoryId: string; isFeatured: boolean; question: string; answer: string; keywords?: string | undefined; }'.
                Type 'FieldValues' is missing the following properties from type '{ categoryId: string; isFeatured: boolean; question: string; answer: string; keywords?: string | undefined; }': categoryId, isFeatured, question, answer
src/app/dashboard/faqs/_components/faq-form.tsx(222,17): error TS2322: Type 'Control<{ categoryId: string; isFeatured: boolean; question: string; answer: string; keywords?: string | undefined; }, any, TFieldValues>' is not assignable to type 'Control<{ categoryId: string; isFeatured: boolean; question: string; answer: string; keywords?: string | undefined; }, any, { categoryId: string; isFeatured: boolean; question: string; answer: string; keywords?: string | undefined; }>'.
  The types of '_options.resolver' are incompatible between these types.
    Type 'Resolver<{ categoryId: string; isFeatured: boolean; question: string; answer: string; keywords?: string | undefined; }, any, TFieldValues> | undefined' is not assignable to type 'Resolver<{ categoryId: string; isFeatured: boolean; question: string; answer: string; keywords?: string | undefined; }, any, { categoryId: string; isFeatured: boolean; question: string; answer: string; keywords?: string | undefined; }> | undefined'.
      Type 'Resolver<{ categoryId: string; isFeatured: boolean; question: string; answer: string; keywords?: string | undefined; }, any, TFieldValues>' is not assignable to type 'Resolver<{ categoryId: string; isFeatured: boolean; question: string; answer: string; keywords?: string | undefined; }, any, { categoryId: string; isFeatured: boolean; question: string; answer: string; keywords?: string | undefined; }>'.
        Type 'ResolverResult<{ categoryId: string; isFeatured: boolean; question: string; answer: string; keywords?: string | undefined; }, TFieldValues> | Promise<ResolverResult<{ ...; }, TFieldValues>>' is not assignable to type 'ResolverResult<{ categoryId: string; isFeatured: boolean; question: string; answer: string; keywords?: string | undefined; }, { categoryId: string; isFeatured: boolean; question: string; answer: string; keywords?: string | undefined; }> | Promise<...>'.
          Type 'ResolverSuccess<TFieldValues>' is not assignable to type 'ResolverResult<{ categoryId: string; isFeatured: boolean; question: string; answer: string; keywords?: string | undefined; }, { categoryId: string; isFeatured: boolean; question: string; answer: string; keywords?: string | undefined; }> | Promise<...>'.
            Type 'ResolverSuccess<TFieldValues>' is not assignable to type 'ResolverSuccess<{ categoryId: string; isFeatured: boolean; question: string; answer: string; keywords?: string | undefined; }>'.
              Type 'TFieldValues' is not assignable to type '{ categoryId: string; isFeatured: boolean; question: string; answer: string; keywords?: string | undefined; }'.
                Type 'FieldValues' is missing the following properties from type '{ categoryId: string; isFeatured: boolean; question: string; answer: string; keywords?: string | undefined; }': categoryId, isFeatured, question, answer
src/app/dashboard/faqs/_components/faq-form.tsx(239,17): error TS2322: Type 'Control<{ categoryId: string; isFeatured: boolean; question: string; answer: string; keywords?: string | undefined; }, any, TFieldValues>' is not assignable to type 'Control<{ categoryId: string; isFeatured: boolean; question: string; answer: string; keywords?: string | undefined; }, any, { categoryId: string; isFeatured: boolean; question: string; answer: string; keywords?: string | undefined; }>'.
  The types of '_options.resolver' are incompatible between these types.
    Type 'Resolver<{ categoryId: string; isFeatured: boolean; question: string; answer: string; keywords?: string | undefined; }, any, TFieldValues> | undefined' is not assignable to type 'Resolver<{ categoryId: string; isFeatured: boolean; question: string; answer: string; keywords?: string | undefined; }, any, { categoryId: string; isFeatured: boolean; question: string; answer: string; keywords?: string | undefined; }> | undefined'.
      Type 'Resolver<{ categoryId: string; isFeatured: boolean; question: string; answer: string; keywords?: string | undefined; }, any, TFieldValues>' is not assignable to type 'Resolver<{ categoryId: string; isFeatured: boolean; question: string; answer: string; keywords?: string | undefined; }, any, { categoryId: string; isFeatured: boolean; question: string; answer: string; keywords?: string | undefined; }>'.
        Type 'ResolverResult<{ categoryId: string; isFeatured: boolean; question: string; answer: string; keywords?: string | undefined; }, TFieldValues> | Promise<ResolverResult<{ ...; }, TFieldValues>>' is not assignable to type 'ResolverResult<{ categoryId: string; isFeatured: boolean; question: string; answer: string; keywords?: string | undefined; }, { categoryId: string; isFeatured: boolean; question: string; answer: string; keywords?: string | undefined; }> | Promise<...>'.
          Type 'ResolverSuccess<TFieldValues>' is not assignable to type 'ResolverResult<{ categoryId: string; isFeatured: boolean; question: string; answer: string; keywords?: string | undefined; }, { categoryId: string; isFeatured: boolean; question: string; answer: string; keywords?: string | undefined; }> | Promise<...>'.
            Type 'ResolverSuccess<TFieldValues>' is not assignable to type 'ResolverSuccess<{ categoryId: string; isFeatured: boolean; question: string; answer: string; keywords?: string | undefined; }>'.
              Type 'TFieldValues' is not assignable to type '{ categoryId: string; isFeatured: boolean; question: string; answer: string; keywords?: string | undefined; }'.
                Type 'FieldValues' is missing the following properties from type '{ categoryId: string; isFeatured: boolean; question: string; answer: string; keywords?: string | undefined; }': categoryId, isFeatured, question, answer
src/app/dashboard/fleet/page.tsx(158,39): error TS2339: Property 'lastLocationUpdate' does not exist on type '{ vehicleId: string; vehicleName: string; latitude: string | null; longitude: string | null; status: "in_route" | "loading" | "idle" | "problem" | "offline"; speed: string; batteryLevel: string; updatedAt: Date | null; }'.
src/app/dashboard/operations/reconciliation/page.tsx(80,44): error TS18047: 'l.totalMissing' is possibly 'null'.
src/app/dashboard/operations/reconciliation/page.tsx(153,22): error TS18047: 'load.totalMissing' is possibly 'null'.
src/app/dashboard/operations/reconciliation/page.tsx(153,42): error TS18047: 'load.totalDamaged' is possibly 'null'.
src/app/dashboard/operations/reconciliation/page.tsx(156,26): error TS18047: 'load.totalMissing' is possibly 'null'.
src/app/dashboard/operations/reconciliation/page.tsx(156,46): error TS18047: 'load.totalDamaged' is possibly 'null'.
src/app/dashboard/orders/new/page.tsx(80,42): error TS18048: 'data' is possibly 'undefined'.
src/app/dashboard/orders/new/page.tsx(125,39): error TS2769: No overload matches this call.
  Overload 1 of 4, '(value: string | number | Date): Date', gave the following error.
    Argument of type 'string | undefined' is not assignable to parameter of type 'string | number | Date'.
      Type 'undefined' is not assignable to type 'string | number | Date'.
  Overload 2 of 4, '(value: string | number): Date', gave the following error.
    Argument of type 'string | undefined' is not assignable to parameter of type 'string | number'.
      Type 'undefined' is not assignable to type 'string | number'.
src/app/dashboard/support/faq/page.tsx(475,7): error TS2322: Type 'string | undefined' is not assignable to type 'string'.
  Type 'undefined' is not assignable to type 'string'.
ELIFECYCLE Command failed with exit code 2.
