
> @acme/nextjs@ typecheck C:\antigravity\gasera\apps\nextjs
> tsc --noEmit

src/app/dashboard/assets/page.tsx(61,38): error TS2304: Cannot find name 'useMutation'.
src/app/dashboard/customers/[id]/edit/page.tsx(160,7): error TS2345: Argument of type '{ customerType: "residential" | "corporate" | "government"; businessName: string; tradeName: string; taxId: string; email: string; phone: string; alternatePhone: string; notes: string; status: string; id: string; }' is not assignable to parameter of type 'void'.
src/app/dashboard/customers/page.tsx(67,9): error TS2345: Argument of type '{ id: string; }' is not assignable to parameter of type 'void'.
src/app/dashboard/dispatch/page.tsx(36,23): error TS2552: Cannot find name 'useQueryClient'. Did you mean 'queryClient'?
src/app/dashboard/dispatch/page.tsx(43,40): error TS2304: Cannot find name 'useMutation'.
src/app/dashboard/faqs/[id]/page.tsx(47,16): error TS2322: Type '{ id: string; tenantId: string; categoryId: string; question: string; answer: string; keywords: string | null; views: number; isActive: number; isFeatured: number; createdAt: Date; updatedAt: Date; }' is not assignable to type '{ categoryId: string; question: string; answer: string; isFeatured: boolean; keywords?: string | undefined; } & { id: string; }'.
  Type '{ id: string; tenantId: string; categoryId: string; question: string; answer: string; keywords: string | null; views: number; isActive: number; isFeatured: number; createdAt: Date; updatedAt: Date; }' is not assignable to type '{ categoryId: string; question: string; answer: string; isFeatured: boolean; keywords?: string | undefined; }'.
    Types of property 'isFeatured' are incompatible.
      Type 'number' is not assignable to type 'boolean'.
src/app/dashboard/faqs/_components/faq-form.tsx(57,5): error TS2322: Type 'Resolver<{ categoryId: string; question: string; answer: string; keywords?: string | undefined; isFeatured?: boolean | undefined; }, any, { categoryId: string; question: string; answer: string; isFeatured: boolean; keywords?: string | undefined; }>' is not assignable to type 'Resolver<{ categoryId: string; question: string; answer: string; isFeatured: boolean; keywords?: string | undefined; }, any, { categoryId: string; question: string; answer: string; isFeatured: boolean; keywords?: string | undefined; }>'.
  Types of parameters 'options' and 'options' are incompatible.
    Type 'ResolverOptions<{ categoryId: string; question: string; answer: string; isFeatured: boolean; keywords?: string | undefined; }>' is not assignable to type 'ResolverOptions<{ categoryId: string; question: string; answer: string; keywords?: string | undefined; isFeatured?: boolean | undefined; }>'.
      Type 'boolean | undefined' is not assignable to type 'boolean'.
        Type 'undefined' is not assignable to type 'boolean'.
src/app/dashboard/faqs/_components/faq-form.tsx(137,41): error TS2345: Argument of type '(data: FaqFormValues) => void' is not assignable to parameter of type 'SubmitHandler<TFieldValues>'.
  Types of parameters 'data' and 'data' are incompatible.
    Type 'TFieldValues' is not assignable to type '{ categoryId: string; question: string; answer: string; isFeatured: boolean; keywords?: string | undefined; }'.
      Type 'FieldValues' is missing the following properties from type '{ categoryId: string; question: string; answer: string; isFeatured: boolean; keywords?: string | undefined; }': categoryId, question, answer, isFeatured
src/app/dashboard/faqs/_components/faq-form.tsx(148,15): error TS2322: Type 'Control<{ categoryId: string; question: string; answer: string; isFeatured: boolean; keywords?: string | undefined; }, any, TFieldValues>' is not assignable to type 'Control<{ categoryId: string; question: string; answer: string; isFeatured: boolean; keywords?: string | undefined; }, any, { categoryId: string; question: string; answer: string; isFeatured: boolean; keywords?: string | undefined; }>'.
  The types of '_options.resolver' are incompatible between these types.
    Type 'Resolver<{ categoryId: string; question: string; answer: string; isFeatured: boolean; keywords?: string | undefined; }, any, TFieldValues> | undefined' is not assignable to type 'Resolver<{ categoryId: string; question: string; answer: string; isFeatured: boolean; keywords?: string | undefined; }, any, { categoryId: string; question: string; answer: string; isFeatured: boolean; keywords?: string | undefined; }> | undefined'.
      Type 'Resolver<{ categoryId: string; question: string; answer: string; isFeatured: boolean; keywords?: string | undefined; }, any, TFieldValues>' is not assignable to type 'Resolver<{ categoryId: string; question: string; answer: string; isFeatured: boolean; keywords?: string | undefined; }, any, { categoryId: string; question: string; answer: string; isFeatured: boolean; keywords?: string | undefined; }>'.
        Type 'ResolverResult<{ categoryId: string; question: string; answer: string; isFeatured: boolean; keywords?: string | undefined; }, TFieldValues> | Promise<ResolverResult<{ ...; }, TFieldValues>>' is not assignable to type 'ResolverResult<{ categoryId: string; question: string; answer: string; isFeatured: boolean; keywords?: string | undefined; }, { categoryId: string; question: string; answer: string; isFeatured: boolean; keywords?: string | undefined; }> | Promise<...>'.
          Type 'ResolverSuccess<TFieldValues>' is not assignable to type 'ResolverResult<{ categoryId: string; question: string; answer: string; isFeatured: boolean; keywords?: string | undefined; }, { categoryId: string; question: string; answer: string; isFeatured: boolean; keywords?: string | undefined; }> | Promise<...>'.
            Type 'ResolverSuccess<TFieldValues>' is not assignable to type 'ResolverSuccess<{ categoryId: string; question: string; answer: string; isFeatured: boolean; keywords?: string | undefined; }>'.
              Type 'TFieldValues' is not assignable to type '{ categoryId: string; question: string; answer: string; isFeatured: boolean; keywords?: string | undefined; }'.
                Type 'FieldValues' is missing the following properties from type '{ categoryId: string; question: string; answer: string; isFeatured: boolean; keywords?: string | undefined; }': categoryId, question, answer, isFeatured
src/app/dashboard/faqs/_components/faq-form.tsx(186,15): error TS2322: Type 'Control<{ categoryId: string; question: string; answer: string; isFeatured: boolean; keywords?: string | undefined; }, any, TFieldValues>' is not assignable to type 'Control<{ categoryId: string; question: string; answer: string; isFeatured: boolean; keywords?: string | undefined; }, any, { categoryId: string; question: string; answer: string; isFeatured: boolean; keywords?: string | undefined; }>'.
  The types of '_options.resolver' are incompatible between these types.
    Type 'Resolver<{ categoryId: string; question: string; answer: string; isFeatured: boolean; keywords?: string | undefined; }, any, TFieldValues> | undefined' is not assignable to type 'Resolver<{ categoryId: string; question: string; answer: string; isFeatured: boolean; keywords?: string | undefined; }, any, { categoryId: string; question: string; answer: string; isFeatured: boolean; keywords?: string | undefined; }> | undefined'.
      Type 'Resolver<{ categoryId: string; question: string; answer: string; isFeatured: boolean; keywords?: string | undefined; }, any, TFieldValues>' is not assignable to type 'Resolver<{ categoryId: string; question: string; answer: string; isFeatured: boolean; keywords?: string | undefined; }, any, { categoryId: string; question: string; answer: string; isFeatured: boolean; keywords?: string | undefined; }>'.
        Type 'ResolverResult<{ categoryId: string; question: string; answer: string; isFeatured: boolean; keywords?: string | undefined; }, TFieldValues> | Promise<ResolverResult<{ ...; }, TFieldValues>>' is not assignable to type 'ResolverResult<{ categoryId: string; question: string; answer: string; isFeatured: boolean; keywords?: string | undefined; }, { categoryId: string; question: string; answer: string; isFeatured: boolean; keywords?: string | undefined; }> | Promise<...>'.
          Type 'ResolverSuccess<TFieldValues>' is not assignable to type 'ResolverResult<{ categoryId: string; question: string; answer: string; isFeatured: boolean; keywords?: string | undefined; }, { categoryId: string; question: string; answer: string; isFeatured: boolean; keywords?: string | undefined; }> | Promise<...>'.
            Type 'ResolverSuccess<TFieldValues>' is not assignable to type 'ResolverSuccess<{ categoryId: string; question: string; answer: string; isFeatured: boolean; keywords?: string | undefined; }>'.
              Type 'TFieldValues' is not assignable to type '{ categoryId: string; question: string; answer: string; isFeatured: boolean; keywords?: string | undefined; }'.
                Type 'FieldValues' is missing the following properties from type '{ categoryId: string; question: string; answer: string; isFeatured: boolean; keywords?: string | undefined; }': categoryId, question, answer, isFeatured
src/app/dashboard/faqs/_components/faq-form.tsx(203,15): error TS2322: Type 'Control<{ categoryId: string; question: string; answer: string; isFeatured: boolean; keywords?: string | undefined; }, any, TFieldValues>' is not assignable to type 'Control<{ categoryId: string; question: string; answer: string; isFeatured: boolean; keywords?: string | undefined; }, any, { categoryId: string; question: string; answer: string; isFeatured: boolean; keywords?: string | undefined; }>'.
  The types of '_options.resolver' are incompatible between these types.
    Type 'Resolver<{ categoryId: string; question: string; answer: string; isFeatured: boolean; keywords?: string | undefined; }, any, TFieldValues> | undefined' is not assignable to type 'Resolver<{ categoryId: string; question: string; answer: string; isFeatured: boolean; keywords?: string | undefined; }, any, { categoryId: string; question: string; answer: string; isFeatured: boolean; keywords?: string | undefined; }> | undefined'.
      Type 'Resolver<{ categoryId: string; question: string; answer: string; isFeatured: boolean; keywords?: string | undefined; }, any, TFieldValues>' is not assignable to type 'Resolver<{ categoryId: string; question: string; answer: string; isFeatured: boolean; keywords?: string | undefined; }, any, { categoryId: string; question: string; answer: string; isFeatured: boolean; keywords?: string | undefined; }>'.
        Type 'ResolverResult<{ categoryId: string; question: string; answer: string; isFeatured: boolean; keywords?: string | undefined; }, TFieldValues> | Promise<ResolverResult<{ ...; }, TFieldValues>>' is not assignable to type 'ResolverResult<{ categoryId: string; question: string; answer: string; isFeatured: boolean; keywords?: string | undefined; }, { categoryId: string; question: string; answer: string; isFeatured: boolean; keywords?: string | undefined; }> | Promise<...>'.
          Type 'ResolverSuccess<TFieldValues>' is not assignable to type 'ResolverResult<{ categoryId: string; question: string; answer: string; isFeatured: boolean; keywords?: string | undefined; }, { categoryId: string; question: string; answer: string; isFeatured: boolean; keywords?: string | undefined; }> | Promise<...>'.
            Type 'ResolverSuccess<TFieldValues>' is not assignable to type 'ResolverSuccess<{ categoryId: string; question: string; answer: string; isFeatured: boolean; keywords?: string | undefined; }>'.
              Type 'TFieldValues' is not assignable to type '{ categoryId: string; question: string; answer: string; isFeatured: boolean; keywords?: string | undefined; }'.
                Type 'FieldValues' is missing the following properties from type '{ categoryId: string; question: string; answer: string; isFeatured: boolean; keywords?: string | undefined; }': categoryId, question, answer, isFeatured
src/app/dashboard/faqs/_components/faq-form.tsx(222,17): error TS2322: Type 'Control<{ categoryId: string; question: string; answer: string; isFeatured: boolean; keywords?: string | undefined; }, any, TFieldValues>' is not assignable to type 'Control<{ categoryId: string; question: string; answer: string; isFeatured: boolean; keywords?: string | undefined; }, any, { categoryId: string; question: string; answer: string; isFeatured: boolean; keywords?: string | undefined; }>'.
  The types of '_options.resolver' are incompatible between these types.
    Type 'Resolver<{ categoryId: string; question: string; answer: string; isFeatured: boolean; keywords?: string | undefined; }, any, TFieldValues> | undefined' is not assignable to type 'Resolver<{ categoryId: string; question: string; answer: string; isFeatured: boolean; keywords?: string | undefined; }, any, { categoryId: string; question: string; answer: string; isFeatured: boolean; keywords?: string | undefined; }> | undefined'.
      Type 'Resolver<{ categoryId: string; question: string; answer: string; isFeatured: boolean; keywords?: string | undefined; }, any, TFieldValues>' is not assignable to type 'Resolver<{ categoryId: string; question: string; answer: string; isFeatured: boolean; keywords?: string | undefined; }, any, { categoryId: string; question: string; answer: string; isFeatured: boolean; keywords?: string | undefined; }>'.
        Type 'ResolverResult<{ categoryId: string; question: string; answer: string; isFeatured: boolean; keywords?: string | undefined; }, TFieldValues> | Promise<ResolverResult<{ ...; }, TFieldValues>>' is not assignable to type 'ResolverResult<{ categoryId: string; question: string; answer: string; isFeatured: boolean; keywords?: string | undefined; }, { categoryId: string; question: string; answer: string; isFeatured: boolean; keywords?: string | undefined; }> | Promise<...>'.
          Type 'ResolverSuccess<TFieldValues>' is not assignable to type 'ResolverResult<{ categoryId: string; question: string; answer: string; isFeatured: boolean; keywords?: string | undefined; }, { categoryId: string; question: string; answer: string; isFeatured: boolean; keywords?: string | undefined; }> | Promise<...>'.
            Type 'ResolverSuccess<TFieldValues>' is not assignable to type 'ResolverSuccess<{ categoryId: string; question: string; answer: string; isFeatured: boolean; keywords?: string | undefined; }>'.
              Type 'TFieldValues' is not assignable to type '{ categoryId: string; question: string; answer: string; isFeatured: boolean; keywords?: string | undefined; }'.
                Type 'FieldValues' is missing the following properties from type '{ categoryId: string; question: string; answer: string; isFeatured: boolean; keywords?: string | undefined; }': categoryId, question, answer, isFeatured
src/app/dashboard/faqs/_components/faq-form.tsx(239,17): error TS2322: Type 'Control<{ categoryId: string; question: string; answer: string; isFeatured: boolean; keywords?: string | undefined; }, any, TFieldValues>' is not assignable to type 'Control<{ categoryId: string; question: string; answer: string; isFeatured: boolean; keywords?: string | undefined; }, any, { categoryId: string; question: string; answer: string; isFeatured: boolean; keywords?: string | undefined; }>'.
  The types of '_options.resolver' are incompatible between these types.
    Type 'Resolver<{ categoryId: string; question: string; answer: string; isFeatured: boolean; keywords?: string | undefined; }, any, TFieldValues> | undefined' is not assignable to type 'Resolver<{ categoryId: string; question: string; answer: string; isFeatured: boolean; keywords?: string | undefined; }, any, { categoryId: string; question: string; answer: string; isFeatured: boolean; keywords?: string | undefined; }> | undefined'.
      Type 'Resolver<{ categoryId: string; question: string; answer: string; isFeatured: boolean; keywords?: string | undefined; }, any, TFieldValues>' is not assignable to type 'Resolver<{ categoryId: string; question: string; answer: string; isFeatured: boolean; keywords?: string | undefined; }, any, { categoryId: string; question: string; answer: string; isFeatured: boolean; keywords?: string | undefined; }>'.
        Type 'ResolverResult<{ categoryId: string; question: string; answer: string; isFeatured: boolean; keywords?: string | undefined; }, TFieldValues> | Promise<ResolverResult<{ ...; }, TFieldValues>>' is not assignable to type 'ResolverResult<{ categoryId: string; question: string; answer: string; isFeatured: boolean; keywords?: string | undefined; }, { categoryId: string; question: string; answer: string; isFeatured: boolean; keywords?: string | undefined; }> | Promise<...>'.
          Type 'ResolverSuccess<TFieldValues>' is not assignable to type 'ResolverResult<{ categoryId: string; question: string; answer: string; isFeatured: boolean; keywords?: string | undefined; }, { categoryId: string; question: string; answer: string; isFeatured: boolean; keywords?: string | undefined; }> | Promise<...>'.
            Type 'ResolverSuccess<TFieldValues>' is not assignable to type 'ResolverSuccess<{ categoryId: string; question: string; answer: string; isFeatured: boolean; keywords?: string | undefined; }>'.
              Type 'TFieldValues' is not assignable to type '{ categoryId: string; question: string; answer: string; isFeatured: boolean; keywords?: string | undefined; }'.
                Type 'FieldValues' is missing the following properties from type '{ categoryId: string; question: string; answer: string; isFeatured: boolean; keywords?: string | undefined; }': categoryId, question, answer, isFeatured
src/app/dashboard/fleet/page.tsx(152,13): error TS2769: No overload matches this call.
  Overload 1 of 2, '(props: FleetMapProps, context?: any): string | number | bigint | boolean | ReactElement<unknown, string | JSXElementConstructor<any>> | ... 4 more ... | undefined', gave the following error.
    Type '{ status: "maintenance" | "active" | "inactive"; latitude: number | null; longitude: number | null; lastLocationUpdate: any; vehicleId: string; vehicleName: string; speed: string; batteryLevel: string; updatedAt: Date | null; }[]' is not assignable to type 'Vehicle[]'.
      Type '{ status: "active" | "maintenance" | "inactive"; latitude: number | null; longitude: number | null; lastLocationUpdate: any; vehicleId: string; vehicleName: string; speed: string; batteryLevel: string; updatedAt: Date | null; }' is not assignable to type 'Vehicle'.
        Types of property 'latitude' are incompatible.
          Type 'number | null' is not assignable to type 'number'.
            Type 'null' is not assignable to type 'number'.
  Overload 2 of 2, '(props: FleetMapProps): string | number | bigint | boolean | ReactElement<unknown, string | JSXElementConstructor<any>> | ... 4 more ... | undefined', gave the following error.
    Type '{ status: "maintenance" | "active" | "inactive"; latitude: number | null; longitude: number | null; lastLocationUpdate: any; vehicleId: string; vehicleName: string; speed: string; batteryLevel: string; updatedAt: Date | null; }[]' is not assignable to type 'Vehicle[]'.
      Type '{ status: "active" | "maintenance" | "inactive"; latitude: number | null; longitude: number | null; lastLocationUpdate: any; vehicleId: string; vehicleName: string; speed: string; batteryLevel: string; updatedAt: Date | null; }' is not assignable to type 'Vehicle'.
        Types of property 'latitude' are incompatible.
          Type 'number | null' is not assignable to type 'number'.
            Type 'null' is not assignable to type 'number'.
src/app/dashboard/fleet/page.tsx(158,39): error TS2339: Property 'lastLocationUpdate' does not exist on type '{ vehicleId: string; vehicleName: string; latitude: string | null; longitude: string | null; status: "in_route" | "loading" | "idle" | "problem" | "offline"; speed: string; batteryLevel: string; updatedAt: Date | null; }'.
src/app/dashboard/operations/reconciliation/page.tsx(80,44): error TS18047: 'l.totalMissing' is possibly 'null'.
src/app/dashboard/operations/reconciliation/page.tsx(153,22): error TS18047: 'load.totalMissing' is possibly 'null'.
src/app/dashboard/operations/reconciliation/page.tsx(153,42): error TS18047: 'load.totalDamaged' is possibly 'null'.
src/app/dashboard/operations/reconciliation/page.tsx(156,26): error TS18047: 'load.totalMissing' is possibly 'null'.
src/app/dashboard/operations/reconciliation/page.tsx(156,46): error TS18047: 'load.totalDamaged' is possibly 'null'.
src/app/dashboard/orders/new/page.tsx(80,42): error TS18048: 'data' is possibly 'undefined'.
src/app/dashboard/orders/new/page.tsx(125,39): error TS2769: No overload matches this call.
  Overload 1 of 4, '(value: string | number | Date): Date', gave the following error.
    Argument of type 'string | undefined' is not assignable to parameter of type 'string | number | Date'.
      Type 'undefined' is not assignable to type 'string | number | Date'.
  Overload 2 of 4, '(value: string | number): Date', gave the following error.
    Argument of type 'string | undefined' is not assignable to parameter of type 'string | number'.
      Type 'undefined' is not assignable to type 'string | number'.
src/app/dashboard/support/faq/page.tsx(475,7): error TS2322: Type 'string | undefined' is not assignable to type 'string'.
  Type 'undefined' is not assignable to type 'string'.
ELIFECYCLE Command failed with exit code 1.
