src/root.ts(20,14): error TS2742: The inferred type of 'appRouter' cannot be named without a reference to '.pnpm/@better-auth+core@1.4.0-bet_51f4f1837df03b8498a5811ad351eb98/node_modules/@better-auth/core/db/adapter'. This is likely not portable. A type annotation is necessary.
src/root.ts(20,14): error TS4023: Exported variable 'appRouter' has or is using name 'OAuthProxyOptions' from external module "C:/antigravity/gasera/node_modules/.pnpm/better-auth@1.4.0-beta.9_be_6706c52f1f5e2f1f6aa7edda0c04b328/node_modules/better-auth/dist/plugins/oauth-proxy/index" but cannot be named.
src/root.ts(20,14): error TS7056: The inferred type of this node exceeds the maximum length the compiler will serialize. An explicit type annotation is needed.
src/router/assets.ts(24,14): error TS2742: The inferred type of 'assetsRouter' cannot be named without a reference to '.pnpm/@better-auth+core@1.4.0-bet_51f4f1837df03b8498a5811ad351eb98/node_modules/@better-auth/core/db/adapter'. This is likely not portable. A type annotation is necessary.
src/router/assets.ts(24,14): error TS4023: Exported variable 'assetsRouter' has or is using name 'OAuthProxyOptions' from external module "C:/antigravity/gasera/node_modules/.pnpm/better-auth@1.4.0-beta.9_be_6706c52f1f5e2f1f6aa7edda0c04b328/node_modules/better-auth/dist/plugins/oauth-proxy/index" but cannot be named.
src/router/customers.ts(24,14): error TS2742: The inferred type of 'customersRouter' cannot be named without a reference to '.pnpm/@better-auth+core@1.4.0-bet_51f4f1837df03b8498a5811ad351eb98/node_modules/@better-auth/core/db/adapter'. This is likely not portable. A type annotation is necessary.
src/router/customers.ts(24,14): error TS4023: Exported variable 'customersRouter' has or is using name 'OAuthProxyOptions' from external module "C:/antigravity/gasera/node_modules/.pnpm/better-auth@1.4.0-beta.9_be_6706c52f1f5e2f1f6aa7edda0c04b328/node_modules/better-auth/dist/plugins/oauth-proxy/index" but cannot be named.
src/router/drivers.ts(11,14): error TS2742: The inferred type of 'driversRouter' cannot be named without a reference to '.pnpm/@better-auth+core@1.4.0-bet_51f4f1837df03b8498a5811ad351eb98/node_modules/@better-auth/core/db/adapter'. This is likely not portable. A type annotation is necessary.
src/router/drivers.ts(11,14): error TS4023: Exported variable 'driversRouter' has or is using name 'OAuthProxyOptions' from external module "C:/antigravity/gasera/node_modules/.pnpm/better-auth@1.4.0-beta.9_be_6706c52f1f5e2f1f6aa7edda0c04b328/node_modules/better-auth/dist/plugins/oauth-proxy/index" but cannot be named.
src/router/legal.ts(24,14): error TS2742: The inferred type of 'legalRouter' cannot be named without a reference to '.pnpm/@better-auth+core@1.4.0-bet_51f4f1837df03b8498a5811ad351eb98/node_modules/@better-auth/core/db/adapter'. This is likely not portable. A type annotation is necessary.
src/router/legal.ts(24,14): error TS4023: Exported variable 'legalRouter' has or is using name 'OAuthProxyOptions' from external module "C:/antigravity/gasera/node_modules/.pnpm/better-auth@1.4.0-beta.9_be_6706c52f1f5e2f1f6aa7edda0c04b328/node_modules/better-auth/dist/plugins/oauth-proxy/index" but cannot be named.
src/router/orders.ts(13,14): error TS2742: The inferred type of 'ordersRouter' cannot be named without a reference to '.pnpm/@better-auth+core@1.4.0-bet_51f4f1837df03b8498a5811ad351eb98/node_modules/@better-auth/core/db/adapter'. This is likely not portable. A type annotation is necessary.
src/router/orders.ts(13,14): error TS4023: Exported variable 'ordersRouter' has or is using name 'OAuthProxyOptions' from external module "C:/antigravity/gasera/node_modules/.pnpm/better-auth@1.4.0-beta.9_be_6706c52f1f5e2f1f6aa7edda0c04b328/node_modules/better-auth/dist/plugins/oauth-proxy/index" but cannot be named.
src/router/tracking.ts(13,14): error TS2742: The inferred type of 'trackingRouter' cannot be named without a reference to '.pnpm/@better-auth+core@1.4.0-bet_51f4f1837df03b8498a5811ad351eb98/node_modules/@better-auth/core/db/adapter'. This is likely not portable. A type annotation is necessary.
src/router/tracking.ts(13,14): error TS4023: Exported variable 'trackingRouter' has or is using name 'OAuthProxyOptions' from external module "C:/antigravity/gasera/node_modules/.pnpm/better-auth@1.4.0-beta.9_be_6706c52f1f5e2f1f6aa7edda0c04b328/node_modules/better-auth/dist/plugins/oauth-proxy/index" but cannot be named.
src/trpc.ts(19,14): error TS2742: The inferred type of 'createTRPCContext' cannot be named without a reference to '.pnpm/@better-auth+core@1.4.0-bet_51f4f1837df03b8498a5811ad351eb98/node_modules/@better-auth/core/db/adapter'. This is likely not portable. A type annotation is necessary.
src/trpc.ts(19,14): error TS4023: Exported variable 'createTRPCContext' has or is using name 'OAuthProxyOptions' from external module "C:/antigravity/gasera/node_modules/.pnpm/better-auth@1.4.0-beta.9_be_6706c52f1f5e2f1f6aa7edda0c04b328/node_modules/better-auth/dist/plugins/oauth-proxy/index" but cannot be named.
src/trpc.ts(67,14): error TS2742: The inferred type of 'createTRPCRouter' cannot be named without a reference to '.pnpm/@better-auth+core@1.4.0-bet_51f4f1837df03b8498a5811ad351eb98/node_modules/@better-auth/core/db/adapter'. This is likely not portable. A type annotation is necessary.
src/trpc.ts(67,14): error TS4023: Exported variable 'createTRPCRouter' has or is using name 'OAuthProxyOptions' from external module "C:/antigravity/gasera/node_modules/.pnpm/better-auth@1.4.0-beta.9_be_6706c52f1f5e2f1f6aa7edda0c04b328/node_modules/better-auth/dist/plugins/oauth-proxy/index" but cannot be named.
src/trpc.ts(81,14): error TS2742: The inferred type of 'publicProcedure' cannot be named without a reference to '.pnpm/@better-auth+core@1.4.0-bet_51f4f1837df03b8498a5811ad351eb98/node_modules/@better-auth/core/db/adapter'. This is likely not portable. A type annotation is necessary.
src/trpc.ts(81,14): error TS4023: Exported variable 'publicProcedure' has or is using name 'OAuthProxyOptions' from external module "C:/antigravity/gasera/node_modules/.pnpm/better-auth@1.4.0-beta.9_be_6706c52f1f5e2f1f6aa7edda0c04b328/node_modules/better-auth/dist/plugins/oauth-proxy/index" but cannot be named.
src/trpc.ts(83,14): error TS2742: The inferred type of 'protectedProcedure' cannot be named without a reference to '.pnpm/@better-auth+core@1.4.0-bet_51f4f1837df03b8498a5811ad351eb98/node_modules/@better-auth/core/db/adapter'. This is likely not portable. A type annotation is necessary.
src/trpc.ts(83,14): error TS4023: Exported variable 'protectedProcedure' has or is using name 'OAuthProxyOptions' from external module "C:/antigravity/gasera/node_modules/.pnpm/better-auth@1.4.0-beta.9_be_6706c52f1f5e2f1f6aa7edda0c04b328/node_modules/better-auth/dist/plugins/oauth-proxy/index" but cannot be named.
src/trpc.ts(92,14): error TS2742: The inferred type of 'superadminProcedure' cannot be named without a reference to '.pnpm/@better-auth+core@1.4.0-bet_51f4f1837df03b8498a5811ad351eb98/node_modules/@better-auth/core/db/adapter'. This is likely not portable. A type annotation is necessary.
src/trpc.ts(92,14): error TS4023: Exported variable 'superadminProcedure' has or is using name 'OAuthProxyOptions' from external module "C:/antigravity/gasera/node_modules/.pnpm/better-auth@1.4.0-beta.9_be_6706c52f1f5e2f1f6aa7edda0c04b328/node_modules/better-auth/dist/plugins/oauth-proxy/index" but cannot be named.
src/trpc.ts(99,14): error TS2742: The inferred type of 'adminProcedure' cannot be named without a reference to '.pnpm/@better-auth+core@1.4.0-bet_51f4f1837df03b8498a5811ad351eb98/node_modules/@better-auth/core/db/adapter'. This is likely not portable. A type annotation is necessary.
src/trpc.ts(99,14): error TS4023: Exported variable 'adminProcedure' has or is using name 'OAuthProxyOptions' from external module "C:/antigravity/gasera/node_modules/.pnpm/better-auth@1.4.0-beta.9_be_6706c52f1f5e2f1f6aa7edda0c04b328/node_modules/better-auth/dist/plugins/oauth-proxy/index" but cannot be named.
src/trpc.ts(107,14): error TS2742: The inferred type of 'supervisorProcedure' cannot be named without a reference to '.pnpm/@better-auth+core@1.4.0-bet_51f4f1837df03b8498a5811ad351eb98/node_modules/@better-auth/core/db/adapter'. This is likely not portable. A type annotation is necessary.
src/trpc.ts(107,14): error TS4023: Exported variable 'supervisorProcedure' has or is using name 'OAuthProxyOptions' from external module "C:/antigravity/gasera/node_modules/.pnpm/better-auth@1.4.0-beta.9_be_6706c52f1f5e2f1f6aa7edda0c04b328/node_modules/better-auth/dist/plugins/oauth-proxy/index" but cannot be named.
src/trpc.ts(118,14): error TS2742: The inferred type of 'operatorProcedure' cannot be named without a reference to '.pnpm/@better-auth+core@1.4.0-bet_51f4f1837df03b8498a5811ad351eb98/node_modules/@better-auth/core/db/adapter'. This is likely not portable. A type annotation is necessary.
src/trpc.ts(118,14): error TS4023: Exported variable 'operatorProcedure' has or is using name 'OAuthProxyOptions' from external module "C:/antigravity/gasera/node_modules/.pnpm/better-auth@1.4.0-beta.9_be_6706c52f1f5e2f1f6aa7edda0c04b328/node_modules/better-auth/dist/plugins/oauth-proxy/index" but cannot be named.
